# JRE version: Java(TM) SE Runtime Environment (8.0_191-b12) (build 1.8.0_191-b12)
# Java VM: Java HotSpot(TM) 64-Bit Server VM (25.191-b12 mixed mode windows-amd64 compressed oops)
Heap:
 PSYoungGen      total 143872K, used 112447K [0x00000000d5f80000, 0x00000000df680000, 0x0000000100000000)
  eden space 133120K, 84% used [0x00000000d5f80000,0x00000000dcd4fc08,0x00000000de180000)
  from space 10752K, 0% used [0x00000000dec00000,0x00000000dec00000,0x00000000df680000)
  to   space 10752K, 0% used [0x00000000de180000,0x00000000de180000,0x00000000dec00000)
 ParOldGen       total 71168K, used 12823K [0x0000000081e00000, 0x0000000086380000, 0x00000000d5f80000)
  object space 71168K, 18% used [0x0000000081e00000,0x0000000082a85d80,0x0000000086380000)
 Metaspace       used 29222K, capacity 29918K, committed 30080K, reserved 1075200K
  class space    used 3483K, capacity 3678K, committed 3712K, reserved 1048576K
GC Heap History (10 events):
Event: 1.230 GC heap before
{Heap before GC invocations=3 (full 0):
 PSYoungGen      total 38400K, used 38385K [0x00000000d5f80000, 0x00000000daa80000, 0x0000000100000000)
  eden space 33280K, 100% used [0x00000000d5f80000,0x00000000d8000000,0x00000000d8000000)
  from space 5120K, 99% used [0x00000000d8500000,0x00000000d89fc790,0x00000000d8a00000)
  to   space 5120K, 0% used [0x00000000d8000000,0x00000000d8000000,0x00000000d8500000)
 ParOldGen       total 87552K, used 1524K [0x0000000081e00000, 0x0000000087380000, 0x00000000d5f80000)
  object space 87552K, 1% used [0x0000000081e00000,0x0000000081f7d078,0x0000000087380000)
 Metaspace       used 15433K, capacity 15746K, committed 16128K, reserved 1062912K
  class space    used 1872K, capacity 1973K, committed 2048K, reserved 1048576K
Event: 1.235 GC heap after
Heap after GC invocations=3 (full 0):
 PSYoungGen      total 38400K, used 5112K [0x00000000d5f80000, 0x00000000daa80000, 0x0000000100000000)
  eden space 33280K, 0% used [0x00000000d5f80000,0x00000000d5f80000,0x00000000d8000000)
  from space 5120K, 99% used [0x00000000d8000000,0x00000000d84fe030,0x00000000d8500000)
  to   space 5120K, 0% used [0x00000000da580000,0x00000000da580000,0x00000000daa80000)
 ParOldGen       total 87552K, used 4137K [0x0000000081e00000, 0x0000000087380000, 0x00000000d5f80000)
  object space 87552K, 4% used [0x0000000081e00000,0x000000008220a600,0x0000000087380000)
 Metaspace       used 15433K, capacity 15746K, committed 16128K, reserved 1062912K
  class space    used 1872K, capacity 1973K, committed 2048K, reserved 1048576K
}
Event: 1.588 GC heap before
{Heap before GC invocations=4 (full 0):
 PSYoungGen      total 38400K, used 38392K [0x00000000d5f80000, 0x00000000daa80000, 0x0000000100000000)
  eden space 33280K, 100% used [0x00000000d5f80000,0x00000000d8000000,0x00000000d8000000)
  from space 5120K, 99% used [0x00000000d8000000,0x00000000d84fe030,0x00000000d8500000)
  to   space 5120K, 0% used [0x00000000da580000,0x00000000da580000,0x00000000daa80000)
 ParOldGen       total 87552K, used 4137K [0x0000000081e00000, 0x0000000087380000, 0x00000000d5f80000)
  object space 87552K, 4% used [0x0000000081e00000,0x000000008220a600,0x0000000087380000)
 Metaspace       used 16591K, capacity 16908K, committed 17280K, reserved 1064960K
  class space    used 1995K, capacity 2080K, committed 2176K, reserved 1048576K
Event: 1.601 GC heap after
Heap after GC invocations=4 (full 0):
 PSYoungGen      total 71680K, used 5112K [0x00000000d5f80000, 0x00000000daa80000, 0x0000000100000000)
  eden space 66560K, 0% used [0x00000000d5f80000,0x00000000d5f80000,0x00000000da080000)
  from space 5120K, 99% used [0x00000000da580000,0x00000000daa7e050,0x00000000daa80000)
  to   space 5120K, 0% used [0x00000000da080000,0x00000000da080000,0x00000000da580000)
 ParOldGen       total 87552K, used 7382K [0x0000000081e00000, 0x0000000087380000, 0x00000000d5f80000)
  object space 87552K, 8% used [0x0000000081e00000,0x00000000825359c8,0x0000000087380000)
 Metaspace       used 16591K, capacity 16908K, committed 17280K, reserved 1064960K
  class space    used 1995K, capacity 2080K, committed 2176K, reserved 1048576K
}
Event: 2.316 GC heap before
{Heap before GC invocations=5 (full 0):
 PSYoungGen      total 71680K, used 71672K [0x00000000d5f80000, 0x00000000daa80000, 0x0000000100000000)
  eden space 66560K, 100% used [0x00000000d5f80000,0x00000000da080000,0x00000000da080000)
  from space 5120K, 99% used [0x00000000da580000,0x00000000daa7e050,0x00000000daa80000)
  to   space 5120K, 0% used [0x00000000da080000,0x00000000da080000,0x00000000da580000)
 ParOldGen       total 87552K, used 7382K [0x0000000081e00000, 0x0000000087380000, 0x00000000d5f80000)
  object space 87552K, 8% used [0x0000000081e00000,0x00000000825359c8,0x0000000087380000)
 Metaspace       used 17987K, capacity 18520K, committed 18688K, reserved 1064960K
  class space    used 2083K, capacity 2203K, committed 2304K, reserved 1048576K
Event: 2.334 GC heap after
Heap after GC invocations=5 (full 0):
 PSYoungGen      total 71680K, used 5112K [0x00000000d5f80000, 0x00000000df680000, 0x0000000100000000)
  eden space 66560K, 0% used [0x00000000d5f80000,0x00000000d5f80000,0x00000000da080000)
  from space 5120K, 99% used [0x00000000da080000,0x00000000da57e010,0x00000000da580000)
  to   space 10752K, 0% used [0x00000000dec00000,0x00000000dec00000,0x00000000df680000)
 ParOldGen       total 87552K, used 11654K [0x0000000081e00000, 0x0000000087380000, 0x00000000d5f80000)
  object space 87552K, 13% used [0x0000000081e00000,0x0000000082961a40,0x0000000087380000)
 Metaspace       used 17987K, capacity 18520K, committed 18688K, reserved 1064960K
  class space    used 2083K, capacity 2203K, committed 2304K, reserved 1048576K
}
Event: 2.804 GC heap before
{Heap before GC invocations=6 (full 0):
 PSYoungGen      total 71680K, used 49119K [0x00000000d5f80000, 0x00000000df680000, 0x0000000100000000)
  eden space 66560K, 66% used [0x00000000d5f80000,0x00000000d8a79f90,0x00000000da080000)
  from space 5120K, 99% used [0x00000000da080000,0x00000000da57e010,0x00000000da580000)
  to   space 10752K, 0% used [0x00000000dec00000,0x00000000dec00000,0x00000000df680000)
 ParOldGen       total 87552K, used 11654K [0x0000000081e00000, 0x0000000087380000, 0x00000000d5f80000)
  object space 87552K, 13% used [0x0000000081e00000,0x0000000082961a40,0x0000000087380000)
 Metaspace       used 20699K, capacity 21230K, committed 21248K, reserved 1069056K
  class space    used 2411K, capacity 2550K, committed 2560K, reserved 1048576K
Event: 2.813 GC heap after
Heap after GC invocations=6 (full 0):
 PSYoungGen      total 143872K, used 8302K [0x00000000d5f80000, 0x00000000df680000, 0x0000000100000000)
  eden space 133120K, 0% used [0x00000000d5f80000,0x00000000d5f80000,0x00000000de180000)
  from space 10752K, 77% used [0x00000000dec00000,0x00000000df41bb00,0x00000000df680000)
  to   space 10752K, 0% used [0x00000000de180000,0x00000000de180000,0x00000000dec00000)
 ParOldGen       total 87552K, used 11654K [0x0000000081e00000, 0x0000000087380000, 0x00000000d5f80000)
  object space 87552K, 13% used [0x0000000081e00000,0x0000000082961a40,0x0000000087380000)
 Metaspace       used 20699K, capacity 21230K, committed 21248K, reserved 1069056K
  class space    used 2411K, capacity 2550K, committed 2560K, reserved 1048576K
}
Event: 2.813 GC heap before
{Heap before GC invocations=7 (full 1):
 PSYoungGen      total 143872K, used 8302K [0x00000000d5f80000, 0x00000000df680000, 0x0000000100000000)
  eden space 133120K, 0% used [0x00000000d5f80000,0x00000000d5f80000,0x00000000de180000)
  from space 10752K, 77% used [0x00000000dec00000,0x00000000df41bb00,0x00000000df680000)
  to   space 10752K, 0% used [0x00000000de180000,0x00000000de180000,0x00000000dec00000)
 ParOldGen       total 87552K, used 11654K [0x0000000081e00000, 0x0000000087380000, 0x00000000d5f80000)
  object space 87552K, 13% used [0x0000000081e00000,0x0000000082961a40,0x0000000087380000)
 Metaspace       used 20699K, capacity 21230K, committed 21248K, reserved 1069056K
  class space    used 2411K, capacity 2550K, committed 2560K, reserved 1048576K
Event: 2.891 GC heap after
Heap after GC invocations=7 (full 1):
 PSYoungGen      total 143872K, used 0K [0x00000000d5f80000, 0x00000000df680000, 0x0000000100000000)
  eden space 133120K, 0% used [0x00000000d5f80000,0x00000000d5f80000,0x00000000de180000)
  from space 10752K, 0% used [0x00000000dec00000,0x00000000dec00000,0x00000000df680000)
  to   space 10752K, 0% used [0x00000000de180000,0x00000000de180000,0x00000000dec00000)
 ParOldGen       total 71168K, used 12823K [0x0000000081e00000, 0x0000000086380000, 0x00000000d5f80000)
  object space 71168K, 18% used [0x0000000081e00000,0x0000000082a85d80,0x0000000086380000)
 Metaspace       used 20699K, capacity 21230K, committed 21248K, reserved 1069056K
  class space    used 2411K, capacity 2550K, committed 2560K, reserved 1048576K
}

