# JRE version: Java(TM) SE Runtime Environment (8.0_191-b12) (build 1.8.0_191-b12)
# Java VM: Java HotSpot(TM) 64-Bit Server VM (25.191-b12 mixed mode windows-amd64 compressed oops)
Heap:
 PSYoungGen      total 60416K, used 17251K [0x00000000d5f80000, 0x00000000de280000, 0x0000000100000000)
  eden space 55296K, 21% used [0x00000000d5f80000,0x00000000d6b60cb0,0x00000000d9580000)
  from space 5120K, 99% used [0x00000000da580000,0x00000000daa78010,0x00000000daa80000)
  to   space 16384K, 0% used [0x00000000d9580000,0x00000000d9580000,0x00000000da580000)
 ParOldGen       total 74240K, used 34437K [0x0000000081e00000, 0x0000000086680000, 0x00000000d5f80000)
  object space 74240K, 46% used [0x0000000081e00000,0x0000000083fa1670,0x0000000086680000)
 Metaspace       used 24518K, capacity 25082K, committed 25392K, reserved 1071104K
  class space    used 2834K, capacity 3010K, committed 3120K, reserved 1048576K
GC Heap History (10 events):
Event: 2.327 GC heap before
{Heap before GC invocations=5 (full 0):
 PSYoungGen      total 71680K, used 71672K [0x00000000d5f80000, 0x00000000daa80000, 0x0000000100000000)
  eden space 66560K, 100% used [0x00000000d5f80000,0x00000000da080000,0x00000000da080000)
  from space 5120K, 99% used [0x00000000da580000,0x00000000daa7e050,0x00000000daa80000)
  to   space 5120K, 0% used [0x00000000da080000,0x00000000da080000,0x00000000da580000)
 ParOldGen       total 87552K, used 7877K [0x0000000081e00000, 0x0000000087380000, 0x00000000d5f80000)
  object space 87552K, 8% used [0x0000000081e00000,0x00000000825b1580,0x0000000087380000)
 Metaspace       used 17530K, capacity 17978K, committed 18176K, reserved 1064960K
  class space    used 2057K, capacity 2193K, committed 2304K, reserved 1048576K
Event: 2.339 GC heap after
Heap after GC invocations=5 (full 0):
 PSYoungGen      total 71680K, used 5112K [0x00000000d5f80000, 0x00000000daa80000, 0x0000000100000000)
  eden space 66560K, 0% used [0x00000000d5f80000,0x00000000d5f80000,0x00000000da080000)
  from space 5120K, 99% used [0x00000000da080000,0x00000000da57e010,0x00000000da580000)
  to   space 5120K, 0% used [0x00000000da580000,0x00000000da580000,0x00000000daa80000)
 ParOldGen       total 87552K, used 12335K [0x0000000081e00000, 0x0000000087380000, 0x00000000d5f80000)
  object space 87552K, 14% used [0x0000000081e00000,0x0000000082a0bd78,0x0000000087380000)
 Metaspace       used 17530K, capacity 17978K, committed 18176K, reserved 1064960K
  class space    used 2057K, capacity 2193K, committed 2304K, reserved 1048576K
}
Event: 2.911 GC heap before
{Heap before GC invocations=6 (full 0):
 PSYoungGen      total 71680K, used 71537K [0x00000000d5f80000, 0x00000000daa80000, 0x0000000100000000)
  eden space 66560K, 99% used [0x00000000d5f80000,0x00000000da05e470,0x00000000da080000)
  from space 5120K, 99% used [0x00000000da080000,0x00000000da57e010,0x00000000da580000)
  to   space 5120K, 0% used [0x00000000da580000,0x00000000da580000,0x00000000daa80000)
 ParOldGen       total 87552K, used 12335K [0x0000000081e00000, 0x0000000087380000, 0x00000000d5f80000)
  object space 87552K, 14% used [0x0000000081e00000,0x0000000082a0bd78,0x0000000087380000)
 Metaspace       used 20709K, capacity 21206K, committed 21296K, reserved 1069056K
  class space    used 2405K, capacity 2571K, committed 2608K, reserved 1048576K
Event: 2.919 GC heap after
Heap after GC invocations=6 (full 0):
 PSYoungGen      total 71680K, used 5096K [0x00000000d5f80000, 0x00000000daa80000, 0x0000000100000000)
  eden space 66560K, 0% used [0x00000000d5f80000,0x00000000d5f80000,0x00000000da080000)
  from space 5120K, 99% used [0x00000000da580000,0x00000000daa7a020,0x00000000daa80000)
  to   space 5120K, 0% used [0x00000000da080000,0x00000000da080000,0x00000000da580000)
 ParOldGen       total 87552K, used 18027K [0x0000000081e00000, 0x0000000087380000, 0x00000000d5f80000)
  object space 87552K, 20% used [0x0000000081e00000,0x0000000082f9ad18,0x0000000087380000)
 Metaspace       used 20709K, capacity 21206K, committed 21296K, reserved 1069056K
  class space    used 2405K, capacity 2571K, committed 2608K, reserved 1048576K
}
Event: 2.919 GC heap before
{Heap before GC invocations=7 (full 1):
 PSYoungGen      total 71680K, used 5096K [0x00000000d5f80000, 0x00000000daa80000, 0x0000000100000000)
  eden space 66560K, 0% used [0x00000000d5f80000,0x00000000d5f80000,0x00000000da080000)
  from space 5120K, 99% used [0x00000000da580000,0x00000000daa7a020,0x00000000daa80000)
  to   space 5120K, 0% used [0x00000000da080000,0x00000000da080000,0x00000000da580000)
 ParOldGen       total 87552K, used 18027K [0x0000000081e00000, 0x0000000087380000, 0x00000000d5f80000)
  object space 87552K, 20% used [0x0000000081e00000,0x0000000082f9ad18,0x0000000087380000)
 Metaspace       used 20709K, capacity 21206K, committed 21296K, reserved 1069056K
  class space    used 2405K, capacity 2571K, committed 2608K, reserved 1048576K
Event: 2.972 GC heap after
Heap after GC invocations=7 (full 1):
 PSYoungGen      total 71680K, used 0K [0x00000000d5f80000, 0x00000000daa80000, 0x0000000100000000)
  eden space 66560K, 0% used [0x00000000d5f80000,0x00000000d5f80000,0x00000000da080000)
  from space 5120K, 0% used [0x00000000da580000,0x00000000da580000,0x00000000daa80000)
  to   space 5120K, 0% used [0x00000000da080000,0x00000000da080000,0x00000000da580000)
 ParOldGen       total 74240K, used 16905K [0x0000000081e00000, 0x0000000086680000, 0x00000000d5f80000)
  object space 74240K, 22% used [0x0000000081e00000,0x0000000082e82588,0x0000000086680000)
 Metaspace       used 20709K, capacity 21206K, committed 21296K, reserved 1069056K
  class space    used 2405K, capacity 2571K, committed 2608K, reserved 1048576K
}
Event: 3.590 GC heap before
{Heap before GC invocations=8 (full 1):
 PSYoungGen      total 71680K, used 66560K [0x00000000d5f80000, 0x00000000daa80000, 0x0000000100000000)
  eden space 66560K, 100% used [0x00000000d5f80000,0x00000000da080000,0x00000000da080000)
  from space 5120K, 0% used [0x00000000da580000,0x00000000da580000,0x00000000daa80000)
  to   space 5120K, 0% used [0x00000000da080000,0x00000000da080000,0x00000000da580000)
 ParOldGen       total 74240K, used 16905K [0x0000000081e00000, 0x0000000086680000, 0x00000000d5f80000)
  object space 74240K, 22% used [0x0000000081e00000,0x0000000082e82588,0x0000000086680000)
 Metaspace       used 24502K, capacity 25082K, committed 25392K, reserved 1071104K
  class space    used 2833K, capacity 3010K, committed 3120K, reserved 1048576K
Event: 3.603 GC heap after
Heap after GC invocations=8 (full 1):
 PSYoungGen      total 71680K, used 5088K [0x00000000d5f80000, 0x00000000daa80000, 0x0000000100000000)
  eden space 66560K, 0% used [0x00000000d5f80000,0x00000000d5f80000,0x00000000da080000)
  from space 5120K, 99% used [0x00000000da080000,0x00000000da5781e0,0x00000000da580000)
  to   space 5120K, 0% used [0x00000000da580000,0x00000000da580000,0x00000000daa80000)
 ParOldGen       total 74240K, used 24004K [0x0000000081e00000, 0x0000000086680000, 0x00000000d5f80000)
  object space 74240K, 32% used [0x0000000081e00000,0x0000000083571350,0x0000000086680000)
 Metaspace       used 24502K, capacity 25082K, committed 25392K, reserved 1071104K
  class space    used 2833K, capacity 3010K, committed 3120K, reserved 1048576K
}
Event: 3.980 GC heap before
{Heap before GC invocations=9 (full 1):
 PSYoungGen      total 71680K, used 71648K [0x00000000d5f80000, 0x00000000daa80000, 0x0000000100000000)
  eden space 66560K, 100% used [0x00000000d5f80000,0x00000000da080000,0x00000000da080000)
  from space 5120K, 99% used [0x00000000da080000,0x00000000da5781e0,0x00000000da580000)
  to   space 5120K, 0% used [0x00000000da580000,0x00000000da580000,0x00000000daa80000)
 ParOldGen       total 74240K, used 24004K [0x0000000081e00000, 0x0000000086680000, 0x00000000d5f80000)
  object space 74240K, 32% used [0x0000000081e00000,0x0000000083571350,0x0000000086680000)
 Metaspace       used 24518K, capacity 25082K, committed 25392K, reserved 1071104K
  class space    used 2834K, capacity 3010K, committed 3120K, reserved 1048576K
Event: 3.988 GC heap after
Heap after GC invocations=9 (full 1):
 PSYoungGen      total 60416K, used 5088K [0x00000000d5f80000, 0x00000000de280000, 0x0000000100000000)
  eden space 55296K, 0% used [0x00000000d5f80000,0x00000000d5f80000,0x00000000d9580000)
  from space 5120K, 99% used [0x00000000da580000,0x00000000daa78010,0x00000000daa80000)
  to   space 16384K, 0% used [0x00000000d9580000,0x00000000d9580000,0x00000000da580000)
 ParOldGen       total 74240K, used 34437K [0x0000000081e00000, 0x0000000086680000, 0x00000000d5f80000)
  object space 74240K, 46% used [0x0000000081e00000,0x0000000083fa1670,0x0000000086680000)
 Metaspace       used 24518K, capacity 25082K, committed 25392K, reserved 1071104K
  class space    used 2834K, capacity 3010K, committed 3120K, reserved 1048576K
}

